TN:
SF:/home/marcos/prodest-codes/api-detran/src/app.controller.ts
FN:1,(anonymous_0)
FN:7,(anonymous_1)
FN:14,(anonymous_2)
FN:17,(anonymous_3)
FNF:4
FNH:4
FNDA:2,(anonymous_0)
FNDA:4,(anonymous_1)
FNDA:1,(anonymous_2)
FNDA:1,(anonymous_3)
DA:1,1
DA:2,2
DA:3,2
DA:4,0
DA:5,2
DA:7,1
DA:8,4
DA:13,1
DA:15,1
DA:18,1
DA:21,1
DA:27,1
LF:12
LH:11
BRDA:1,0,0,1
BRDA:1,0,1,0
BRDA:1,0,2,1
BRDA:2,1,0,1
BRDA:2,1,1,1
BRDA:2,2,0,1
BRDA:2,2,1,0
BRDA:3,3,0,2
BRDA:3,3,1,0
BRDA:3,4,0,2
BRDA:3,4,1,2
BRDA:4,5,0,0
BRDA:4,5,1,0
BRDA:4,6,0,0
BRDA:4,6,1,0
BRDA:4,7,0,0
BRDA:4,7,1,0
BRDA:4,8,0,0
BRDA:4,8,1,0
BRDA:5,9,0,2
BRDA:5,9,1,1
BRDA:5,9,2,1
BRDA:7,10,0,1
BRDA:7,10,1,0
BRDA:7,10,2,1
BRDA:8,11,0,4
BRDA:8,11,1,0
BRDA:8,12,0,4
BRDA:8,12,1,4
BRDA:29,13,0,1
BRDA:29,13,1,1
BRDA:29,13,2,0
BRDA:29,14,0,1
BRDA:29,14,1,1
BRF:34
BRH:20
end_of_record
TN:
SF:/home/marcos/prodest-codes/api-detran/src/app.service.ts
FN:1,(anonymous_0)
FN:9,(anonymous_1)
FNF:2
FNH:2
FNDA:1,(anonymous_0)
FNDA:1,(anonymous_1)
DA:1,1
DA:2,1
DA:3,1
DA:4,0
DA:5,1
DA:8,1
DA:10,1
DA:13,1
LF:8
LH:7
BRDA:1,0,0,1
BRDA:1,0,1,0
BRDA:1,0,2,1
BRDA:2,1,0,1
BRDA:2,1,1,0
BRDA:2,2,0,0
BRDA:2,2,1,0
BRDA:3,3,0,1
BRDA:3,3,1,0
BRDA:3,4,0,1
BRDA:3,4,1,1
BRDA:4,5,0,0
BRDA:4,5,1,0
BRDA:4,6,0,0
BRDA:4,6,1,0
BRDA:4,7,0,0
BRDA:4,7,1,0
BRDA:4,8,0,0
BRDA:4,8,1,0
BRDA:5,9,0,1
BRDA:5,9,1,0
BRDA:5,9,2,0
BRF:22
BRH:7
end_of_record
